<?xml version="1.0" encoding="UTF-8" ?>
<testsuite failures="0" time="58.038" errors="2" skipped="0" tests="2" name="com.bbva.zic.accountsv02.business.SrvIntAccountsV02Test">
  <properties>
    <property name="java.runtime.name" value="Java(TM) SE Runtime Environment"/>
    <property name="sun.boot.library.path" value="C:\Program Files\IDE-Spring\Herramientas\jdk1.6.0_25\jre\bin"/>
    <property name="java.vm.version" value="20.0-b11"/>
    <property name="java.vm.vendor" value="Sun Microsystems Inc."/>
    <property name="java.vendor.url" value="http://java.sun.com/"/>
    <property name="path.separator" value=";"/>
    <property name="java.vm.name" value="Java HotSpot(TM) Client VM"/>
    <property name="file.encoding.pkg" value="sun.io"/>
    <property name="user.country" value="MX"/>
    <property name="sun.java.launcher" value="SUN_STANDARD"/>
    <property name="sun.os.patch.level" value="Service Pack 1"/>
    <property name="java.vm.specification.name" value="Java Virtual Machine Specification"/>
    <property name="user.dir" value="W:\Workspaces\ASO\ZIC\zic_Account"/>
    <property name="java.runtime.version" value="1.6.0_25-b06"/>
    <property name="java.awt.graphicsenv" value="sun.awt.Win32GraphicsEnvironment"/>
    <property name="basedir" value="W:\Workspaces\ASO\ZIC\zic_Account"/>
    <property name="java.endorsed.dirs" value="C:\Program Files\IDE-Spring\Herramientas\jdk1.6.0_25\jre\lib\endorsed"/>
    <property name="os.arch" value="x86"/>
    <property name="surefire.real.class.path" value="W:\Workspaces\ASO\ZIC\zic_Account\target\surefire\surefirebooter3972077563833208576.jar"/>
    <property name="java.io.tmpdir" value="C:\Users\XMZ6738\AppData\Local\Temp\"/>
    <property name="line.separator" value="
"/>
    <property name="java.vm.specification.vendor" value="Sun Microsystems Inc."/>
    <property name="user.variant" value=""/>
    <property name="os.name" value="Windows 7"/>
    <property name="sun.jnu.encoding" value="Cp1252"/>
    <property name="java.library.path" value="C:\Program Files\IDE-Spring\Herramientas\jdk1.6.0_25\jre\bin;.;C:\Windows\Sun\Java\bin;C:\Windows\system32;C:\Windows;C:\Program Files\IDE-Spring\Herramientas\jdk1.6.0_25\bin;C:\Program Files\IDE-Spring\Herramientas\srv-roo-1.1.5.RELEASE\bin;C:\Program Files\IDE-Spring\Herramientas\Maven-3.0.3\bin;C:\Program Files\IDE-Spring\Herramientas\SCRIPTS;C:\Program Files\IDE-Spring\Herramientas\MySQL\mysql-5.5.22-win32\bin;W:;C:\BBVA_ARQ_DESA\Spring;C:\BBVA_ARQ_DESA\Spring\Herramientas\jdk1.6.0_25\bin;C:\BBVA_ARQ_DESA\Spring\Herramientas\srv-roo-1.1.5.RELEASE\bin;C:\BBVA_ARQ_DESA\Spring\Herramientas\Maven-3.0.3\bin;C:\BBVA_ARQ_DESA\Spring\Herramientas\SCRIPTS;C:\BBVA_ARQ_DESA\Spring\Herramientas\MySQL\mysql-5.5.22-win32\bin;C:\ProgramData\Oracle\Java\javapath;C:\Windows\system32;C:\Windows;C:\Windows\System32\Wbem;C:\Windows\System32\WindowsPowerShell\v1.0\;C:\Program Files\Java\jdk1.8.0_51\bin\bin;C:\maven;C:\Desarrollo\Herramientas\spring-roo-1.1.5.RELEASE\bin;C:\maven\bin;C:\Program Files (x86)\Plantronics\Spokes3G\;C:\Program Files\jboss-as-7.1.1.Final\bin;C:\Program Files (x86)\Skype\Phone\;C:\Ruby21-x64\bin"/>
    <property name="surefire.test.class.path" value="W:\Workspaces\ASO\ZIC\zic_Account\target\test-classes;W:\Workspaces\ASO\ZIC\zic_Account\target\classes;C:\Program Files\M2_REPO\com\bbva\jee\arq\spring\core\arq-spring-servicing-core\2.0.0\arq-spring-servicing-core-2.0.0.jar;C:\Program Files\M2_REPO\org\reflections\reflections\0.9.8\reflections-0.9.8.jar;C:\Program Files\M2_REPO\dom4j\dom4j\1.6.1\dom4j-1.6.1.jar;C:\Program Files\M2_REPO\org\springframework\spring-orm\3.2.3.RELEASE\spring-orm-3.2.3.RELEASE.jar;C:\Program Files\M2_REPO\com\oracle\ojdbc14\10.2.0.2\ojdbc14-10.2.0.2.jar;C:\Program Files\M2_REPO\postgresql\postgresql\9.2-1004.jdbc3\postgresql-9.2-1004.jdbc3.jar;C:\Program Files\M2_REPO\cglib\cglib\2.2.2\cglib-2.2.2.jar;C:\Program Files\M2_REPO\com\bbva\jee\arq\spring\integraciones\securitydummy\1.5.0\securitydummy-1.5.0.jar;C:\Program Files\M2_REPO\com\bbva\jee\arq\spring\integraciones\sendsmsdummy\1.1.0\sendsmsdummy-1.1.0.jar;C:\Program Files\M2_REPO\com\bbva\jee\arq\spring\integraciones\grantingtickets\1.0.0\grantingtickets-1.0.0.jar;C:\Program Files\M2_REPO\org\apache\cxf\cxf-rt-features-clustering\2.6.10\cxf-rt-features-clustering-2.6.10.jar;C:\Program Files\M2_REPO\org\springframework\spring-jdbc\3.2.3.RELEASE\spring-jdbc-3.2.3.RELEASE.jar;C:\Program Files\M2_REPO\com\bbva\jee\arq\spring\core\arq-spring-monitoring\2.0.0\arq-spring-monitoring-2.0.0.jar;C:\Program Files\M2_REPO\com\thoughtworks\xstream\xstream\1.3.1\xstream-1.3.1.jar;C:\Program Files\M2_REPO\xpp3\xpp3_min\1.1.4c\xpp3_min-1.1.4c.jar;C:\Program Files\M2_REPO\org\hibernate\javax\persistence\hibernate-jpa-2.0-api\1.0.0.Final\hibernate-jpa-2.0-api-1.0.0.Final.jar;C:\Program Files\M2_REPO\cglib\cglib-nodep\2.2\cglib-nodep-2.2.jar;C:\Program Files\M2_REPO\com\googlecode\ehcache-spring-annotations\ehcache-spring-annotations\1.2.0\ehcache-spring-annotations-1.2.0.jar;C:\Program Files\M2_REPO\net\sf\ehcache\ehcache-core\2.4.5\ehcache-core-2.4.5.jar;C:\Program Files\M2_REPO\log4j\log4j\1.2.17\log4j-1.2.17.jar;C:\Program Files\M2_REPO\org\slf4j\slf4j-api\1.7.5\slf4j-api-1.7.5.jar;C:\Program Files\M2_REPO\com\ibm\mq\7.0.1.7\mq-7.0.1.7.jar;C:\Program Files\M2_REPO\com\ibm\mqjms\7.0.1.7\mqjms-7.0.1.7.jar;C:\Program Files\M2_REPO\com\ibm\disthub2\dhbcore\7.0.1.7\dhbcore-7.0.1.7.jar;C:\Program Files\M2_REPO\com\ibm\mq\jmqi\7.0.1.7\jmqi-7.0.1.7.jar;C:\Program Files\M2_REPO\com\ibm\mq\headers\7.0.1.7\headers-7.0.1.7.jar;C:\Program Files\M2_REPO\com\ibm\mq\commonservices\7.0.1.7\commonservices-7.0.1.7.jar;C:\Program Files\M2_REPO\com\ibm\connector\1.3.0\connector-1.3.0.jar;C:\Program Files\M2_REPO\javax\jms\jms\1.1\jms-1.1.jar;C:\Program Files\M2_REPO\org\springframework\spring-jms\3.2.3.RELEASE\spring-jms-3.2.3.RELEASE.jar;C:\Program Files\M2_REPO\org\springframework\spring-web\3.2.3.RELEASE\spring-web-3.2.3.RELEASE.jar;C:\Program Files\M2_REPO\commons-pool\commons-pool\1.5.6\commons-pool-1.5.6.jar;C:\Program Files\M2_REPO\commons-dbcp\commons-dbcp\1.3\commons-dbcp-1.3.jar;C:\Program Files\M2_REPO\org\springframework\spring-oxm\3.2.3.RELEASE\spring-oxm-3.2.3.RELEASE.jar;C:\Program Files\M2_REPO\org\hibernate\hibernate-core\3.6.4.Final\hibernate-core-3.6.4.Final.jar;C:\Program Files\M2_REPO\antlr\antlr\2.7.6\antlr-2.7.6.jar;C:\Program Files\M2_REPO\commons-collections\commons-collections\3.1\commons-collections-3.1.jar;C:\Program Files\M2_REPO\org\hibernate\hibernate-commons-annotations\3.2.0.Final\hibernate-commons-annotations-3.2.0.Final.jar;C:\Program Files\M2_REPO\javax\transaction\jta\1.1\jta-1.1.jar;C:\Program Files\M2_REPO\commons-configuration\commons-configuration\1.8\commons-configuration-1.8.jar;C:\Program Files\M2_REPO\commons-httpclient\commons-httpclient\3.1\commons-httpclient-3.1.jar;C:\Program Files\M2_REPO\commons-codec\commons-codec\1.4\commons-codec-1.4.jar;C:\Program Files\M2_REPO\org\apache\httpcomponents\httpclient\4.2.3\httpclient-4.2.3.jar;C:\Program Files\M2_REPO\org\apache\httpcomponents\httpcore\4.2.3\httpcore-4.2.3.jar;C:\Program Files\M2_REPO\xerces\xercesImpl\2.9.1\xercesImpl-2.9.1.jar;C:\Program Files\M2_REPO\xml-apis\xml-apis\1.3.04\xml-apis-1.3.04.jar;C:\Program Files\M2_REPO\com\googlecode\json-simple\json-simple\1.1.1\json-simple-1.1.1.jar;C:\Program Files\M2_REPO\com\hazelcast\hazelcast-all\3.4.1\hazelcast-all-3.4.1.jar;C:\Program Files\M2_REPO\net\sourceforge\findbugs\annotations\1.3.2\annotations-1.3.2.jar;C:\Program Files\M2_REPO\com\eclipsesource\minimal-json\minimal-json\0.9.1\minimal-json-0.9.1.jar;C:\Program Files\M2_REPO\org\aspectj\aspectjtools\1.7.2\aspectjtools-1.7.2.jar;C:\Program Files\M2_REPO\com\bbva\infrastructure\multichannel\arch\multi-channel-infrastructure-arch\0.0.1-SNAPSHOT\multi-channel-infrastructure-arch-0.0.1-SNAPSHOT.jar;C:\Program Files\M2_REPO\com\rabbitmq\amqp-client\3.3.5\amqp-client-3.3.5.jar;C:\Program Files\M2_REPO\com\bbva\jee\arq\spring\core\arq-spring-restutils\2.0.0\arq-spring-restutils-2.0.0.jar;C:\Program Files\M2_REPO\commons-lang\commons-lang\2.4\commons-lang-2.4.jar;C:\Program Files\M2_REPO\mx4j\mx4j-tools\3.0.1\mx4j-tools-3.0.1.jar;C:\Program Files\M2_REPO\com\bbva\jee\arq\spring\core\arq-spring-core-spi\2.0.0\arq-spring-core-spi-2.0.0.jar;C:\Program Files\M2_REPO\org\apache\geronimo\specs\geronimo-commonj_1.1_spec\1.0\geronimo-commonj_1.1_spec-1.0.jar;C:\Program Files\M2_REPO\javax\resource\connector-api\1.5\connector-api-1.5.jar;C:\Program Files\M2_REPO\com\bbva\jee\arq\spring\core\arq-spring-core-api\2.0.0\arq-spring-core-api-2.0.0.jar;C:\Program Files\M2_REPO\com\bbva\jee\arq\spring\core\arq-spring-connector-host\2.0.0\arq-spring-connector-host-2.0.0.jar;C:\Program Files\M2_REPO\com\bbva\jee\arq\spring\core\arq-spring-connector-host-ps9\2.0.0\arq-spring-connector-host-ps9-2.0.0.jar;C:\Program Files\M2_REPO\com\bbva\jee\arq\spring\core\arq-spring-connector-host-api\2.0.0\arq-spring-connector-host-api-2.0.0.jar;C:\Program Files\M2_REPO\com\bbva\jee\arq\spring\core\arq-spring-connector-host-imsconnect\2.0.0\arq-spring-connector-host-imsconnect-2.0.0.jar;C:\Program Files\M2_REPO\com\bbva\jee\arq\spring\core\arq-spring-servicing-logging\2.0.0\arq-spring-servicing-logging-2.0.0.jar;C:\Program Files\M2_REPO\org\apache\cxf\cxf-api\2.6.10\cxf-api-2.6.10.jar;C:\Program Files\M2_REPO\org\codehaus\woodstox\woodstox-core-asl\4.2.0\woodstox-core-asl-4.2.0.jar;C:\Program Files\M2_REPO\org\codehaus\woodstox\stax2-api\3.1.1\stax2-api-3.1.1.jar;C:\Program Files\M2_REPO\org\apache\ws\xmlschema\xmlschema-core\2.0.3\xmlschema-core-2.0.3.jar;C:\Program Files\M2_REPO\org\apache\geronimo\specs\geronimo-javamail_1.4_spec\1.7.1\geronimo-javamail_1.4_spec-1.7.1.jar;C:\Program Files\M2_REPO\wsdl4j\wsdl4j\1.6.3\wsdl4j-1.6.3.jar;C:\Program Files\M2_REPO\commons-logging\commons-logging\1.1.1\commons-logging-1.1.1.jar;C:\Program Files\M2_REPO\com\wordnik\swagger-core_2.10\1.3.0\swagger-core_2.10-1.3.0.jar;C:\Program Files\M2_REPO\com\fasterxml\jackson\module\jackson-module-scala_2.10\2.1.5\jackson-module-scala_2.10-2.1.5.jar;C:\Program Files\M2_REPO\com\fasterxml\jackson\core\jackson-core\2.1.5\jackson-core-2.1.5.jar;C:\Program Files\M2_REPO\com\fasterxml\jackson\core\jackson-databind\2.1.5\jackson-databind-2.1.5.jar;C:\Program Files\M2_REPO\com\thoughtworks\paranamer\paranamer\2.3\paranamer-2.3.jar;C:\Program Files\M2_REPO\org\scala-lang\scala-reflect\2.10.0\scala-reflect-2.10.0.jar;C:\Program Files\M2_REPO\com\fasterxml\jackson\core\jackson-annotations\2.1.5\jackson-annotations-2.1.5.jar;C:\Program Files\M2_REPO\com\fasterxml\jackson\module\jackson-module-jsonSchema\2.1.0\jackson-module-jsonSchema-2.1.0.jar;C:\Program Files\M2_REPO\com\fasterxml\jackson\jaxrs\jackson-jaxrs-json-provider\2.0.0\jackson-jaxrs-json-provider-2.0.0.jar;C:\Program Files\M2_REPO\com\fasterxml\jackson\module\jackson-module-jaxb-annotations\2.0.0\jackson-module-jaxb-annotations-2.0.0.jar;C:\Program Files\M2_REPO\com\wordnik\swagger-annotations_2.10\1.3.0\swagger-annotations_2.10-1.3.0.jar;C:\Program Files\M2_REPO\org\json4s\json4s-ext_2.10\3.2.4\json4s-ext_2.10-3.2.4.jar;C:\Program Files\M2_REPO\joda-time\joda-time\1.6\joda-time-1.6.jar;C:\Program Files\M2_REPO\org\joda\joda-convert\1.2\joda-convert-1.2.jar;C:\Program Files\M2_REPO\org\json4s\json4s-native_2.10\3.2.4\json4s-native_2.10-3.2.4.jar;C:\Program Files\M2_REPO\org\json4s\json4s-core_2.10\3.2.4\json4s-core_2.10-3.2.4.jar;C:\Program Files\M2_REPO\org\json4s\json4s-ast_2.10\3.2.4\json4s-ast_2.10-3.2.4.jar;C:\Program Files\M2_REPO\org\scala-lang\scalap\2.10.0\scalap-2.10.0.jar;C:\Program Files\M2_REPO\org\scala-lang\scala-compiler\2.10.0\scala-compiler-2.10.0.jar;C:\Program Files\M2_REPO\org\json4s\json4s-jackson_2.10\3.2.4\json4s-jackson_2.10-3.2.4.jar;C:\Program Files\M2_REPO\com\wordnik\swagger-jaxrs_2.10\1.3.0\swagger-jaxrs_2.10-1.3.0.jar;C:\Program Files\M2_REPO\org\scala-lang\scala-library\2.10.0\scala-library-2.10.0.jar;C:\Program Files\M2_REPO\javax\ws\rs\jsr311-api\1.1.1\jsr311-api-1.1.1.jar;C:\Program Files\M2_REPO\com\google\guava\guava\13.0.1\guava-13.0.1.jar;C:\Program Files\M2_REPO\junit\junit\4.8.2\junit-4.8.2.jar;C:\Program Files\M2_REPO\org\aspectj\aspectjrt\1.7.2\aspectjrt-1.7.2.jar;C:\Program Files\M2_REPO\org\aspectj\aspectjweaver\1.7.2\aspectjweaver-1.7.2.jar;C:\Program Files\M2_REPO\javax\servlet\servlet-api\2.5\servlet-api-2.5.jar;C:\Program Files\M2_REPO\net\sf\flexjson\flexjson\2.1\flexjson-2.1.jar;C:\Program Files\M2_REPO\org\springframework\roo\org.springframework.roo.annotations\1.1.5.RELEASE\org.springframework.roo.annotations-1.1.5.RELEASE.jar;C:\Program Files\M2_REPO\org\springframework\spring-core\3.2.3.RELEASE\spring-core-3.2.3.RELEASE.jar;C:\Program Files\M2_REPO\org\springframework\spring-test\3.2.3.RELEASE\spring-test-3.2.3.RELEASE.jar;C:\Program Files\M2_REPO\org\springframework\spring-context\3.2.3.RELEASE\spring-context-3.2.3.RELEASE.jar;C:\Program Files\M2_REPO\org\springframework\spring-expression\3.2.3.RELEASE\spring-expression-3.2.3.RELEASE.jar;C:\Program Files\M2_REPO\org\springframework\spring-aop\3.2.3.RELEASE\spring-aop-3.2.3.RELEASE.jar;C:\Program Files\M2_REPO\aopalliance\aopalliance\1.0\aopalliance-1.0.jar;C:\Program Files\M2_REPO\org\springframework\spring-aspects\3.2.3.RELEASE\spring-aspects-3.2.3.RELEASE.jar;C:\Program Files\M2_REPO\org\springframework\spring-context-support\3.2.3.RELEASE\spring-context-support-3.2.3.RELEASE.jar;C:\Program Files\M2_REPO\org\springframework\spring-tx\3.2.3.RELEASE\spring-tx-3.2.3.RELEASE.jar;C:\Program Files\M2_REPO\org\springframework\spring-beans\3.2.3.RELEASE\spring-beans-3.2.3.RELEASE.jar;C:\Program Files\M2_REPO\org\codehaus\jackson\jackson-core-asl\1.8.0\jackson-core-asl-1.8.0.jar;C:\Program Files\M2_REPO\org\codehaus\jackson\jackson-core-lgpl\1.8.0\jackson-core-lgpl-1.8.0.jar;C:\Program Files\M2_REPO\org\codehaus\jackson\jackson-mapper-asl\1.8.0\jackson-mapper-asl-1.8.0.jar;C:\Program Files\M2_REPO\org\codehaus\jackson\jackson-mapper-lgpl\1.8.0\jackson-mapper-lgpl-1.8.0.jar;C:\Program Files\M2_REPO\org\codehaus\jackson\jackson-mrbean\1.8.0\jackson-mrbean-1.8.0.jar;C:\Program Files\M2_REPO\org\codehaus\jackson\jackson-jaxrs\1.8.0\jackson-jaxrs-1.8.0.jar;C:\Program Files\M2_REPO\org\codehaus\jackson\jackson-smile\1.8.0\jackson-smile-1.8.0.jar;C:\Program Files\M2_REPO\org\codehaus\jackson\jackson-xc\1.8.0\jackson-xc-1.8.0.jar;C:\Program Files\M2_REPO\org\apache\cxf\cxf-rt-frontend-jaxws\2.6.10\cxf-rt-frontend-jaxws-2.6.10.jar;C:\Program Files\M2_REPO\xml-resolver\xml-resolver\1.2\xml-resolver-1.2.jar;C:\Program Files\M2_REPO\asm\asm\3.3.1\asm-3.3.1.jar;C:\Program Files\M2_REPO\org\apache\cxf\cxf-rt-core\2.6.10\cxf-rt-core-2.6.10.jar;C:\Program Files\M2_REPO\com\sun\xml\bind\jaxb-impl\2.1.13\jaxb-impl-2.1.13.jar;C:\Program Files\M2_REPO\org\apache\cxf\cxf-rt-bindings-soap\2.6.10\cxf-rt-bindings-soap-2.6.10.jar;C:\Program Files\M2_REPO\org\apache\cxf\cxf-rt-databinding-jaxb\2.6.10\cxf-rt-databinding-jaxb-2.6.10.jar;C:\Program Files\M2_REPO\org\apache\cxf\cxf-rt-bindings-xml\2.6.10\cxf-rt-bindings-xml-2.6.10.jar;C:\Program Files\M2_REPO\org\apache\cxf\cxf-rt-frontend-simple\2.6.10\cxf-rt-frontend-simple-2.6.10.jar;C:\Program Files\M2_REPO\org\apache\cxf\cxf-rt-ws-addr\2.6.10\cxf-rt-ws-addr-2.6.10.jar;C:\Program Files\M2_REPO\org\apache\cxf\cxf-rt-ws-policy\2.6.10\cxf-rt-ws-policy-2.6.10.jar;C:\Program Files\M2_REPO\org\apache\neethi\neethi\3.0.2\neethi-3.0.2.jar;C:\Program Files\M2_REPO\org\apache\cxf\cxf-rt-frontend-jaxrs\2.6.10\cxf-rt-frontend-jaxrs-2.6.10.jar;C:\Program Files\M2_REPO\org\apache\cxf\cxf-rt-transports-http\2.6.10\cxf-rt-transports-http-2.6.10.jar;C:\Program Files\M2_REPO\org\apache\cxf\cxf-rt-rs-extension-search\2.6.10\cxf-rt-rs-extension-search-2.6.10.jar;C:\Program Files\M2_REPO\org\hibernate\hibernate-entitymanager\3.6.4.Final\hibernate-entitymanager-3.6.4.Final.jar;C:\Program Files\M2_REPO\javassist\javassist\3.12.0.GA\javassist-3.12.0.GA.jar;C:\Program Files\M2_REPO\org\hibernate\hibernate-validator\4.2.0.Final\hibernate-validator-4.2.0.Final.jar;C:\Program Files\M2_REPO\javax\validation\validation-api\1.0.0.GA\validation-api-1.0.0.GA.jar;"/>
    <property name="java.specification.name" value="Java Platform API Specification"/>
    <property name="java.class.version" value="50.0"/>
    <property name="sun.management.compiler" value="HotSpot Client Compiler"/>
    <property name="os.version" value="6.1"/>
    <property name="user.home" value="C:\Users\XMZ6738"/>
    <property name="user.timezone" value="America/Mexico_City"/>
    <property name="java.awt.printerjob" value="sun.awt.windows.WPrinterJob"/>
    <property name="java.specification.version" value="1.6"/>
    <property name="file.encoding" value="Cp1252"/>
    <property name="user.name" value="XMZ6738"/>
    <property name="java.class.path" value="W:\Workspaces\ASO\ZIC\zic_Account\target\test-classes;W:\Workspaces\ASO\ZIC\zic_Account\target\classes;C:\Program Files\M2_REPO\com\bbva\jee\arq\spring\core\arq-spring-servicing-core\2.0.0\arq-spring-servicing-core-2.0.0.jar;C:\Program Files\M2_REPO\org\reflections\reflections\0.9.8\reflections-0.9.8.jar;C:\Program Files\M2_REPO\dom4j\dom4j\1.6.1\dom4j-1.6.1.jar;C:\Program Files\M2_REPO\org\springframework\spring-orm\3.2.3.RELEASE\spring-orm-3.2.3.RELEASE.jar;C:\Program Files\M2_REPO\com\oracle\ojdbc14\10.2.0.2\ojdbc14-10.2.0.2.jar;C:\Program Files\M2_REPO\postgresql\postgresql\9.2-1004.jdbc3\postgresql-9.2-1004.jdbc3.jar;C:\Program Files\M2_REPO\cglib\cglib\2.2.2\cglib-2.2.2.jar;C:\Program Files\M2_REPO\com\bbva\jee\arq\spring\integraciones\securitydummy\1.5.0\securitydummy-1.5.0.jar;C:\Program Files\M2_REPO\com\bbva\jee\arq\spring\integraciones\sendsmsdummy\1.1.0\sendsmsdummy-1.1.0.jar;C:\Program Files\M2_REPO\com\bbva\jee\arq\spring\integraciones\grantingtickets\1.0.0\grantingtickets-1.0.0.jar;C:\Program Files\M2_REPO\org\apache\cxf\cxf-rt-features-clustering\2.6.10\cxf-rt-features-clustering-2.6.10.jar;C:\Program Files\M2_REPO\org\springframework\spring-jdbc\3.2.3.RELEASE\spring-jdbc-3.2.3.RELEASE.jar;C:\Program Files\M2_REPO\com\bbva\jee\arq\spring\core\arq-spring-monitoring\2.0.0\arq-spring-monitoring-2.0.0.jar;C:\Program Files\M2_REPO\com\thoughtworks\xstream\xstream\1.3.1\xstream-1.3.1.jar;C:\Program Files\M2_REPO\xpp3\xpp3_min\1.1.4c\xpp3_min-1.1.4c.jar;C:\Program Files\M2_REPO\org\hibernate\javax\persistence\hibernate-jpa-2.0-api\1.0.0.Final\hibernate-jpa-2.0-api-1.0.0.Final.jar;C:\Program Files\M2_REPO\cglib\cglib-nodep\2.2\cglib-nodep-2.2.jar;C:\Program Files\M2_REPO\com\googlecode\ehcache-spring-annotations\ehcache-spring-annotations\1.2.0\ehcache-spring-annotations-1.2.0.jar;C:\Program Files\M2_REPO\net\sf\ehcache\ehcache-core\2.4.5\ehcache-core-2.4.5.jar;C:\Program Files\M2_REPO\log4j\log4j\1.2.17\log4j-1.2.17.jar;C:\Program Files\M2_REPO\org\slf4j\slf4j-api\1.7.5\slf4j-api-1.7.5.jar;C:\Program Files\M2_REPO\com\ibm\mq\7.0.1.7\mq-7.0.1.7.jar;C:\Program Files\M2_REPO\com\ibm\mqjms\7.0.1.7\mqjms-7.0.1.7.jar;C:\Program Files\M2_REPO\com\ibm\disthub2\dhbcore\7.0.1.7\dhbcore-7.0.1.7.jar;C:\Program Files\M2_REPO\com\ibm\mq\jmqi\7.0.1.7\jmqi-7.0.1.7.jar;C:\Program Files\M2_REPO\com\ibm\mq\headers\7.0.1.7\headers-7.0.1.7.jar;C:\Program Files\M2_REPO\com\ibm\mq\commonservices\7.0.1.7\commonservices-7.0.1.7.jar;C:\Program Files\M2_REPO\com\ibm\connector\1.3.0\connector-1.3.0.jar;C:\Program Files\M2_REPO\javax\jms\jms\1.1\jms-1.1.jar;C:\Program Files\M2_REPO\org\springframework\spring-jms\3.2.3.RELEASE\spring-jms-3.2.3.RELEASE.jar;C:\Program Files\M2_REPO\org\springframework\spring-web\3.2.3.RELEASE\spring-web-3.2.3.RELEASE.jar;C:\Program Files\M2_REPO\commons-pool\commons-pool\1.5.6\commons-pool-1.5.6.jar;C:\Program Files\M2_REPO\commons-dbcp\commons-dbcp\1.3\commons-dbcp-1.3.jar;C:\Program Files\M2_REPO\org\springframework\spring-oxm\3.2.3.RELEASE\spring-oxm-3.2.3.RELEASE.jar;C:\Program Files\M2_REPO\org\hibernate\hibernate-core\3.6.4.Final\hibernate-core-3.6.4.Final.jar;C:\Program Files\M2_REPO\antlr\antlr\2.7.6\antlr-2.7.6.jar;C:\Program Files\M2_REPO\commons-collections\commons-collections\3.1\commons-collections-3.1.jar;C:\Program Files\M2_REPO\org\hibernate\hibernate-commons-annotations\3.2.0.Final\hibernate-commons-annotations-3.2.0.Final.jar;C:\Program Files\M2_REPO\javax\transaction\jta\1.1\jta-1.1.jar;C:\Program Files\M2_REPO\commons-configuration\commons-configuration\1.8\commons-configuration-1.8.jar;C:\Program Files\M2_REPO\commons-httpclient\commons-httpclient\3.1\commons-httpclient-3.1.jar;C:\Program Files\M2_REPO\commons-codec\commons-codec\1.4\commons-codec-1.4.jar;C:\Program Files\M2_REPO\org\apache\httpcomponents\httpclient\4.2.3\httpclient-4.2.3.jar;C:\Program Files\M2_REPO\org\apache\httpcomponents\httpcore\4.2.3\httpcore-4.2.3.jar;C:\Program Files\M2_REPO\xerces\xercesImpl\2.9.1\xercesImpl-2.9.1.jar;C:\Program Files\M2_REPO\xml-apis\xml-apis\1.3.04\xml-apis-1.3.04.jar;C:\Program Files\M2_REPO\com\googlecode\json-simple\json-simple\1.1.1\json-simple-1.1.1.jar;C:\Program Files\M2_REPO\com\hazelcast\hazelcast-all\3.4.1\hazelcast-all-3.4.1.jar;C:\Program Files\M2_REPO\net\sourceforge\findbugs\annotations\1.3.2\annotations-1.3.2.jar;C:\Program Files\M2_REPO\com\eclipsesource\minimal-json\minimal-json\0.9.1\minimal-json-0.9.1.jar;C:\Program Files\M2_REPO\org\aspectj\aspectjtools\1.7.2\aspectjtools-1.7.2.jar;C:\Program Files\M2_REPO\com\bbva\infrastructure\multichannel\arch\multi-channel-infrastructure-arch\0.0.1-SNAPSHOT\multi-channel-infrastructure-arch-0.0.1-SNAPSHOT.jar;C:\Program Files\M2_REPO\com\rabbitmq\amqp-client\3.3.5\amqp-client-3.3.5.jar;C:\Program Files\M2_REPO\com\bbva\jee\arq\spring\core\arq-spring-restutils\2.0.0\arq-spring-restutils-2.0.0.jar;C:\Program Files\M2_REPO\commons-lang\commons-lang\2.4\commons-lang-2.4.jar;C:\Program Files\M2_REPO\mx4j\mx4j-tools\3.0.1\mx4j-tools-3.0.1.jar;C:\Program Files\M2_REPO\com\bbva\jee\arq\spring\core\arq-spring-core-spi\2.0.0\arq-spring-core-spi-2.0.0.jar;C:\Program Files\M2_REPO\org\apache\geronimo\specs\geronimo-commonj_1.1_spec\1.0\geronimo-commonj_1.1_spec-1.0.jar;C:\Program Files\M2_REPO\javax\resource\connector-api\1.5\connector-api-1.5.jar;C:\Program Files\M2_REPO\com\bbva\jee\arq\spring\core\arq-spring-core-api\2.0.0\arq-spring-core-api-2.0.0.jar;C:\Program Files\M2_REPO\com\bbva\jee\arq\spring\core\arq-spring-connector-host\2.0.0\arq-spring-connector-host-2.0.0.jar;C:\Program Files\M2_REPO\com\bbva\jee\arq\spring\core\arq-spring-connector-host-ps9\2.0.0\arq-spring-connector-host-ps9-2.0.0.jar;C:\Program Files\M2_REPO\com\bbva\jee\arq\spring\core\arq-spring-connector-host-api\2.0.0\arq-spring-connector-host-api-2.0.0.jar;C:\Program Files\M2_REPO\com\bbva\jee\arq\spring\core\arq-spring-connector-host-imsconnect\2.0.0\arq-spring-connector-host-imsconnect-2.0.0.jar;C:\Program Files\M2_REPO\com\bbva\jee\arq\spring\core\arq-spring-servicing-logging\2.0.0\arq-spring-servicing-logging-2.0.0.jar;C:\Program Files\M2_REPO\org\apache\cxf\cxf-api\2.6.10\cxf-api-2.6.10.jar;C:\Program Files\M2_REPO\org\codehaus\woodstox\woodstox-core-asl\4.2.0\woodstox-core-asl-4.2.0.jar;C:\Program Files\M2_REPO\org\codehaus\woodstox\stax2-api\3.1.1\stax2-api-3.1.1.jar;C:\Program Files\M2_REPO\org\apache\ws\xmlschema\xmlschema-core\2.0.3\xmlschema-core-2.0.3.jar;C:\Program Files\M2_REPO\org\apache\geronimo\specs\geronimo-javamail_1.4_spec\1.7.1\geronimo-javamail_1.4_spec-1.7.1.jar;C:\Program Files\M2_REPO\wsdl4j\wsdl4j\1.6.3\wsdl4j-1.6.3.jar;C:\Program Files\M2_REPO\commons-logging\commons-logging\1.1.1\commons-logging-1.1.1.jar;C:\Program Files\M2_REPO\com\wordnik\swagger-core_2.10\1.3.0\swagger-core_2.10-1.3.0.jar;C:\Program Files\M2_REPO\com\fasterxml\jackson\module\jackson-module-scala_2.10\2.1.5\jackson-module-scala_2.10-2.1.5.jar;C:\Program Files\M2_REPO\com\fasterxml\jackson\core\jackson-core\2.1.5\jackson-core-2.1.5.jar;C:\Program Files\M2_REPO\com\fasterxml\jackson\core\jackson-databind\2.1.5\jackson-databind-2.1.5.jar;C:\Program Files\M2_REPO\com\thoughtworks\paranamer\paranamer\2.3\paranamer-2.3.jar;C:\Program Files\M2_REPO\org\scala-lang\scala-reflect\2.10.0\scala-reflect-2.10.0.jar;C:\Program Files\M2_REPO\com\fasterxml\jackson\core\jackson-annotations\2.1.5\jackson-annotations-2.1.5.jar;C:\Program Files\M2_REPO\com\fasterxml\jackson\module\jackson-module-jsonSchema\2.1.0\jackson-module-jsonSchema-2.1.0.jar;C:\Program Files\M2_REPO\com\fasterxml\jackson\jaxrs\jackson-jaxrs-json-provider\2.0.0\jackson-jaxrs-json-provider-2.0.0.jar;C:\Program Files\M2_REPO\com\fasterxml\jackson\module\jackson-module-jaxb-annotations\2.0.0\jackson-module-jaxb-annotations-2.0.0.jar;C:\Program Files\M2_REPO\com\wordnik\swagger-annotations_2.10\1.3.0\swagger-annotations_2.10-1.3.0.jar;C:\Program Files\M2_REPO\org\json4s\json4s-ext_2.10\3.2.4\json4s-ext_2.10-3.2.4.jar;C:\Program Files\M2_REPO\joda-time\joda-time\1.6\joda-time-1.6.jar;C:\Program Files\M2_REPO\org\joda\joda-convert\1.2\joda-convert-1.2.jar;C:\Program Files\M2_REPO\org\json4s\json4s-native_2.10\3.2.4\json4s-native_2.10-3.2.4.jar;C:\Program Files\M2_REPO\org\json4s\json4s-core_2.10\3.2.4\json4s-core_2.10-3.2.4.jar;C:\Program Files\M2_REPO\org\json4s\json4s-ast_2.10\3.2.4\json4s-ast_2.10-3.2.4.jar;C:\Program Files\M2_REPO\org\scala-lang\scalap\2.10.0\scalap-2.10.0.jar;C:\Program Files\M2_REPO\org\scala-lang\scala-compiler\2.10.0\scala-compiler-2.10.0.jar;C:\Program Files\M2_REPO\org\json4s\json4s-jackson_2.10\3.2.4\json4s-jackson_2.10-3.2.4.jar;C:\Program Files\M2_REPO\com\wordnik\swagger-jaxrs_2.10\1.3.0\swagger-jaxrs_2.10-1.3.0.jar;C:\Program Files\M2_REPO\org\scala-lang\scala-library\2.10.0\scala-library-2.10.0.jar;C:\Program Files\M2_REPO\javax\ws\rs\jsr311-api\1.1.1\jsr311-api-1.1.1.jar;C:\Program Files\M2_REPO\com\google\guava\guava\13.0.1\guava-13.0.1.jar;C:\Program Files\M2_REPO\junit\junit\4.8.2\junit-4.8.2.jar;C:\Program Files\M2_REPO\org\aspectj\aspectjrt\1.7.2\aspectjrt-1.7.2.jar;C:\Program Files\M2_REPO\org\aspectj\aspectjweaver\1.7.2\aspectjweaver-1.7.2.jar;C:\Program Files\M2_REPO\javax\servlet\servlet-api\2.5\servlet-api-2.5.jar;C:\Program Files\M2_REPO\net\sf\flexjson\flexjson\2.1\flexjson-2.1.jar;C:\Program Files\M2_REPO\org\springframework\roo\org.springframework.roo.annotations\1.1.5.RELEASE\org.springframework.roo.annotations-1.1.5.RELEASE.jar;C:\Program Files\M2_REPO\org\springframework\spring-core\3.2.3.RELEASE\spring-core-3.2.3.RELEASE.jar;C:\Program Files\M2_REPO\org\springframework\spring-test\3.2.3.RELEASE\spring-test-3.2.3.RELEASE.jar;C:\Program Files\M2_REPO\org\springframework\spring-context\3.2.3.RELEASE\spring-context-3.2.3.RELEASE.jar;C:\Program Files\M2_REPO\org\springframework\spring-expression\3.2.3.RELEASE\spring-expression-3.2.3.RELEASE.jar;C:\Program Files\M2_REPO\org\springframework\spring-aop\3.2.3.RELEASE\spring-aop-3.2.3.RELEASE.jar;C:\Program Files\M2_REPO\aopalliance\aopalliance\1.0\aopalliance-1.0.jar;C:\Program Files\M2_REPO\org\springframework\spring-aspects\3.2.3.RELEASE\spring-aspects-3.2.3.RELEASE.jar;C:\Program Files\M2_REPO\org\springframework\spring-context-support\3.2.3.RELEASE\spring-context-support-3.2.3.RELEASE.jar;C:\Program Files\M2_REPO\org\springframework\spring-tx\3.2.3.RELEASE\spring-tx-3.2.3.RELEASE.jar;C:\Program Files\M2_REPO\org\springframework\spring-beans\3.2.3.RELEASE\spring-beans-3.2.3.RELEASE.jar;C:\Program Files\M2_REPO\org\codehaus\jackson\jackson-core-asl\1.8.0\jackson-core-asl-1.8.0.jar;C:\Program Files\M2_REPO\org\codehaus\jackson\jackson-core-lgpl\1.8.0\jackson-core-lgpl-1.8.0.jar;C:\Program Files\M2_REPO\org\codehaus\jackson\jackson-mapper-asl\1.8.0\jackson-mapper-asl-1.8.0.jar;C:\Program Files\M2_REPO\org\codehaus\jackson\jackson-mapper-lgpl\1.8.0\jackson-mapper-lgpl-1.8.0.jar;C:\Program Files\M2_REPO\org\codehaus\jackson\jackson-mrbean\1.8.0\jackson-mrbean-1.8.0.jar;C:\Program Files\M2_REPO\org\codehaus\jackson\jackson-jaxrs\1.8.0\jackson-jaxrs-1.8.0.jar;C:\Program Files\M2_REPO\org\codehaus\jackson\jackson-smile\1.8.0\jackson-smile-1.8.0.jar;C:\Program Files\M2_REPO\org\codehaus\jackson\jackson-xc\1.8.0\jackson-xc-1.8.0.jar;C:\Program Files\M2_REPO\org\apache\cxf\cxf-rt-frontend-jaxws\2.6.10\cxf-rt-frontend-jaxws-2.6.10.jar;C:\Program Files\M2_REPO\xml-resolver\xml-resolver\1.2\xml-resolver-1.2.jar;C:\Program Files\M2_REPO\asm\asm\3.3.1\asm-3.3.1.jar;C:\Program Files\M2_REPO\org\apache\cxf\cxf-rt-core\2.6.10\cxf-rt-core-2.6.10.jar;C:\Program Files\M2_REPO\com\sun\xml\bind\jaxb-impl\2.1.13\jaxb-impl-2.1.13.jar;C:\Program Files\M2_REPO\org\apache\cxf\cxf-rt-bindings-soap\2.6.10\cxf-rt-bindings-soap-2.6.10.jar;C:\Program Files\M2_REPO\org\apache\cxf\cxf-rt-databinding-jaxb\2.6.10\cxf-rt-databinding-jaxb-2.6.10.jar;C:\Program Files\M2_REPO\org\apache\cxf\cxf-rt-bindings-xml\2.6.10\cxf-rt-bindings-xml-2.6.10.jar;C:\Program Files\M2_REPO\org\apache\cxf\cxf-rt-frontend-simple\2.6.10\cxf-rt-frontend-simple-2.6.10.jar;C:\Program Files\M2_REPO\org\apache\cxf\cxf-rt-ws-addr\2.6.10\cxf-rt-ws-addr-2.6.10.jar;C:\Program Files\M2_REPO\org\apache\cxf\cxf-rt-ws-policy\2.6.10\cxf-rt-ws-policy-2.6.10.jar;C:\Program Files\M2_REPO\org\apache\neethi\neethi\3.0.2\neethi-3.0.2.jar;C:\Program Files\M2_REPO\org\apache\cxf\cxf-rt-frontend-jaxrs\2.6.10\cxf-rt-frontend-jaxrs-2.6.10.jar;C:\Program Files\M2_REPO\org\apache\cxf\cxf-rt-transports-http\2.6.10\cxf-rt-transports-http-2.6.10.jar;C:\Program Files\M2_REPO\org\apache\cxf\cxf-rt-rs-extension-search\2.6.10\cxf-rt-rs-extension-search-2.6.10.jar;C:\Program Files\M2_REPO\org\hibernate\hibernate-entitymanager\3.6.4.Final\hibernate-entitymanager-3.6.4.Final.jar;C:\Program Files\M2_REPO\javassist\javassist\3.12.0.GA\javassist-3.12.0.GA.jar;C:\Program Files\M2_REPO\org\hibernate\hibernate-validator\4.2.0.Final\hibernate-validator-4.2.0.Final.jar;C:\Program Files\M2_REPO\javax\validation\validation-api\1.0.0.GA\validation-api-1.0.0.GA.jar;"/>
    <property name="java.vm.specification.version" value="1.0"/>
    <property name="sun.arch.data.model" value="32"/>
    <property name="java.home" value="C:\Program Files\IDE-Spring\Herramientas\jdk1.6.0_25\jre"/>
    <property name="sun.java.command" value="W:\Workspaces\ASO\ZIC\zic_Account\target\surefire\surefirebooter3972077563833208576.jar W:\Workspaces\ASO\ZIC\zic_Account\target\surefire\surefire2291102228851636150tmp W:\Workspaces\ASO\ZIC\zic_Account\target\surefire\surefire6743687890061617593tmp"/>
    <property name="java.specification.vendor" value="Sun Microsystems Inc."/>
    <property name="user.language" value="es"/>
    <property name="awt.toolkit" value="sun.awt.windows.WToolkit"/>
    <property name="java.vm.info" value="mixed mode"/>
    <property name="java.version" value="1.6.0_25"/>
    <property name="java.ext.dirs" value="C:\Program Files\IDE-Spring\Herramientas\jdk1.6.0_25\jre\lib\ext;C:\Windows\Sun\Java\lib\ext"/>
    <property name="sun.boot.class.path" value="C:\Program Files\IDE-Spring\Herramientas\jdk1.6.0_25\jre\lib\resources.jar;C:\Program Files\IDE-Spring\Herramientas\jdk1.6.0_25\jre\lib\rt.jar;C:\Program Files\IDE-Spring\Herramientas\jdk1.6.0_25\jre\lib\sunrsasign.jar;C:\Program Files\IDE-Spring\Herramientas\jdk1.6.0_25\jre\lib\jsse.jar;C:\Program Files\IDE-Spring\Herramientas\jdk1.6.0_25\jre\lib\jce.jar;C:\Program Files\IDE-Spring\Herramientas\jdk1.6.0_25\jre\lib\charsets.jar;C:\Program Files\IDE-Spring\Herramientas\jdk1.6.0_25\jre\lib\modules\jdk.boot.jar;C:\Program Files\IDE-Spring\Herramientas\jdk1.6.0_25\jre\classes"/>
    <property name="java.vendor" value="Sun Microsystems Inc."/>
    <property name="localRepository" value="C:\Program Files\M2_REPO"/>
    <property name="file.separator" value="\"/>
    <property name="java.vendor.url.bug" value="http://java.sun.com/cgi-bin/bugreport.cgi"/>
    <property name="sun.cpu.endian" value="little"/>
    <property name="sun.io.unicode.encoding" value="UnicodeLittle"/>
    <property name="sun.desktop" value="windows"/>
    <property name="sun.cpu.isalist" value="pentium_pro+mmx pentium_pro pentium+mmx pentium i486 i386 i86"/>
  </properties>
  <testcase time="0" classname="com.bbva.zic.accountsv02.business.SrvIntAccountsV02Test" name="com.bbva.zic.accountsv02.business.SrvIntAccountsV02Test">
    <error message="Failed to load ApplicationContext" type="java.lang.IllegalStateException">java.lang.IllegalStateException: Failed to load ApplicationContext
	at org.springframework.test.context.CacheAwareContextLoaderDelegate.loadContext(CacheAwareContextLoaderDelegate.java:99)
	at org.springframework.test.context.TestContext.getApplicationContext(TestContext.java:122)
	at com.bbva.jee.arq.spring.core.servicing.test.MockInvocationContextTestExecutionListener.beforeTestClass(MockInvocationContextTestExecutionListener.java:24)
	at org.springframework.test.context.TestContextManager.beforeTestClass(TestContextManager.java:280)
	at org.springframework.test.context.junit4.statements.RunBeforeTestClassCallbacks.evaluate(RunBeforeTestClassCallbacks.java:60)
	at org.springframework.test.context.junit4.statements.RunAfterTestClassCallbacks.evaluate(RunAfterTestClassCallbacks.java:71)
	at org.junit.runners.ParentRunner.run(ParentRunner.java:236)
	at org.springframework.test.context.junit4.SpringJUnit4ClassRunner.run(SpringJUnit4ClassRunner.java:174)
	at org.apache.maven.surefire.junit4.JUnit4TestSet.execute(JUnit4TestSet.java:35)
	at org.apache.maven.surefire.junit4.JUnit4Provider.executeTestSet(JUnit4Provider.java:115)
	at org.apache.maven.surefire.junit4.JUnit4Provider.invoke(JUnit4Provider.java:97)
	at sun.reflect.NativeMethodAccessorImpl.invoke0(Native Method)
	at sun.reflect.NativeMethodAccessorImpl.invoke(NativeMethodAccessorImpl.java:39)
	at sun.reflect.DelegatingMethodAccessorImpl.invoke(DelegatingMethodAccessorImpl.java:25)
	at java.lang.reflect.Method.invoke(Method.java:597)
	at org.apache.maven.surefire.booter.ProviderFactory$ClassLoaderProxy.invoke(ProviderFactory.java:103)
	at $Proxy0.invoke(Unknown Source)
	at org.apache.maven.surefire.booter.SurefireStarter.invokeProvider(SurefireStarter.java:150)
	at org.apache.maven.surefire.booter.SurefireStarter.runSuitesInProcess(SurefireStarter.java:91)
	at org.apache.maven.surefire.booter.ForkedBooter.main(ForkedBooter.java:69)
Caused by: org.springframework.beans.factory.BeanCreationException: Error creating bean with name &apos;srvIntAccountsV02&apos;: Injection of autowired dependencies failed; nested exception is org.springframework.beans.factory.BeanCreationException: Could not autowire field: private com.bbva.zic.accountsv02.dao.mapper.MapperB000 com.bbva.zic.accountsv02.business.impl.SrvIntAccountsV02.mapperB000; nested exception is org.springframework.beans.factory.BeanCreationException: Error creating bean with name &apos;mapperB000&apos;: Injection of autowired dependencies failed; nested exception is org.springframework.beans.factory.BeanCreationException: Could not autowire field: private com.bbva.zic.accountsv02.facade.v02.utils.Validator com.bbva.zic.accountsv02.dao.mapper.MapperB000.validator; nested exception is org.springframework.beans.factory.NoSuchBeanDefinitionException: No qualifying bean of type [com.bbva.zic.accountsv02.facade.v02.utils.Validator] found for dependency: expected at least 1 bean which qualifies as autowire candidate for this dependency. Dependency annotations: {@org.springframework.beans.factory.annotation.Autowired(required=true)}
	at org.springframework.beans.factory.annotation.AutowiredAnnotationBeanPostProcessor.postProcessPropertyValues(AutowiredAnnotationBeanPostProcessor.java:288)
	at org.springframework.beans.factory.support.AbstractAutowireCapableBeanFactory.populateBean(AbstractAutowireCapableBeanFactory.java:1116)
	at org.springframework.beans.factory.support.AbstractAutowireCapableBeanFactory.doCreateBean(AbstractAutowireCapableBeanFactory.java:519)
	at org.springframework.beans.factory.support.AbstractAutowireCapableBeanFactory.createBean(AbstractAutowireCapableBeanFactory.java:458)
	at org.springframework.beans.factory.support.AbstractBeanFactory$1.getObject(AbstractBeanFactory.java:295)
	at org.springframework.beans.factory.support.DefaultSingletonBeanRegistry.getSingleton(DefaultSingletonBeanRegistry.java:223)
	at org.springframework.beans.factory.support.AbstractBeanFactory.doGetBean(AbstractBeanFactory.java:292)
	at org.springframework.beans.factory.support.AbstractBeanFactory.getBean(AbstractBeanFactory.java:194)
	at org.springframework.beans.factory.support.DefaultListableBeanFactory.preInstantiateSingletons(DefaultListableBeanFactory.java:626)
	at org.springframework.context.support.AbstractApplicationContext.finishBeanFactoryInitialization(AbstractApplicationContext.java:932)
	at org.springframework.context.support.AbstractApplicationContext.refresh(AbstractApplicationContext.java:479)
	at com.bbva.jee.arq.spring.core.servicing.test.BusinessServiceTestContextLoader.loadContext(BusinessServiceTestContextLoader.java:278)
	at org.springframework.test.context.CacheAwareContextLoaderDelegate.loadContextInternal(CacheAwareContextLoaderDelegate.java:64)
	at org.springframework.test.context.CacheAwareContextLoaderDelegate.loadContext(CacheAwareContextLoaderDelegate.java:91)
	... 19 more
Caused by: org.springframework.beans.factory.BeanCreationException: Could not autowire field: private com.bbva.zic.accountsv02.dao.mapper.MapperB000 com.bbva.zic.accountsv02.business.impl.SrvIntAccountsV02.mapperB000; nested exception is org.springframework.beans.factory.BeanCreationException: Error creating bean with name &apos;mapperB000&apos;: Injection of autowired dependencies failed; nested exception is org.springframework.beans.factory.BeanCreationException: Could not autowire field: private com.bbva.zic.accountsv02.facade.v02.utils.Validator com.bbva.zic.accountsv02.dao.mapper.MapperB000.validator; nested exception is org.springframework.beans.factory.NoSuchBeanDefinitionException: No qualifying bean of type [com.bbva.zic.accountsv02.facade.v02.utils.Validator] found for dependency: expected at least 1 bean which qualifies as autowire candidate for this dependency. Dependency annotations: {@org.springframework.beans.factory.annotation.Autowired(required=true)}
	at org.springframework.beans.factory.annotation.AutowiredAnnotationBeanPostProcessor$AutowiredFieldElement.inject(AutowiredAnnotationBeanPostProcessor.java:514)
	at org.springframework.beans.factory.annotation.InjectionMetadata.inject(InjectionMetadata.java:87)
	at org.springframework.beans.factory.annotation.AutowiredAnnotationBeanPostProcessor.postProcessPropertyValues(AutowiredAnnotationBeanPostProcessor.java:285)
	... 32 more
Caused by: org.springframework.beans.factory.BeanCreationException: Error creating bean with name &apos;mapperB000&apos;: Injection of autowired dependencies failed; nested exception is org.springframework.beans.factory.BeanCreationException: Could not autowire field: private com.bbva.zic.accountsv02.facade.v02.utils.Validator com.bbva.zic.accountsv02.dao.mapper.MapperB000.validator; nested exception is org.springframework.beans.factory.NoSuchBeanDefinitionException: No qualifying bean of type [com.bbva.zic.accountsv02.facade.v02.utils.Validator] found for dependency: expected at least 1 bean which qualifies as autowire candidate for this dependency. Dependency annotations: {@org.springframework.beans.factory.annotation.Autowired(required=true)}
	at org.springframework.beans.factory.annotation.AutowiredAnnotationBeanPostProcessor.postProcessPropertyValues(AutowiredAnnotationBeanPostProcessor.java:288)
	at org.springframework.beans.factory.support.AbstractAutowireCapableBeanFactory.populateBean(AbstractAutowireCapableBeanFactory.java:1116)
	at org.springframework.beans.factory.support.AbstractAutowireCapableBeanFactory.doCreateBean(AbstractAutowireCapableBeanFactory.java:519)
	at org.springframework.beans.factory.support.AbstractAutowireCapableBeanFactory.createBean(AbstractAutowireCapableBeanFactory.java:458)
	at org.springframework.beans.factory.support.AbstractBeanFactory$1.getObject(AbstractBeanFactory.java:295)
	at org.springframework.beans.factory.support.DefaultSingletonBeanRegistry.getSingleton(DefaultSingletonBeanRegistry.java:223)
	at org.springframework.beans.factory.support.AbstractBeanFactory.doGetBean(AbstractBeanFactory.java:292)
	at org.springframework.beans.factory.support.AbstractBeanFactory.getBean(AbstractBeanFactory.java:194)
	at org.springframework.beans.factory.support.DefaultListableBeanFactory.findAutowireCandidates(DefaultListableBeanFactory.java:910)
	at org.springframework.beans.factory.support.DefaultListableBeanFactory.doResolveDependency(DefaultListableBeanFactory.java:853)
	at org.springframework.beans.factory.support.DefaultListableBeanFactory.resolveDependency(DefaultListableBeanFactory.java:768)
	at org.springframework.beans.factory.annotation.AutowiredAnnotationBeanPostProcessor$AutowiredFieldElement.inject(AutowiredAnnotationBeanPostProcessor.java:486)
	... 34 more
Caused by: org.springframework.beans.factory.BeanCreationException: Could not autowire field: private com.bbva.zic.accountsv02.facade.v02.utils.Validator com.bbva.zic.accountsv02.dao.mapper.MapperB000.validator; nested exception is org.springframework.beans.factory.NoSuchBeanDefinitionException: No qualifying bean of type [com.bbva.zic.accountsv02.facade.v02.utils.Validator] found for dependency: expected at least 1 bean which qualifies as autowire candidate for this dependency. Dependency annotations: {@org.springframework.beans.factory.annotation.Autowired(required=true)}
	at org.springframework.beans.factory.annotation.AutowiredAnnotationBeanPostProcessor$AutowiredFieldElement.inject(AutowiredAnnotationBeanPostProcessor.java:514)
	at org.springframework.beans.factory.annotation.InjectionMetadata.inject(InjectionMetadata.java:87)
	at org.springframework.beans.factory.annotation.AutowiredAnnotationBeanPostProcessor.postProcessPropertyValues(AutowiredAnnotationBeanPostProcessor.java:285)
	... 45 more
Caused by: org.springframework.beans.factory.NoSuchBeanDefinitionException: No qualifying bean of type [com.bbva.zic.accountsv02.facade.v02.utils.Validator] found for dependency: expected at least 1 bean which qualifies as autowire candidate for this dependency. Dependency annotations: {@org.springframework.beans.factory.annotation.Autowired(required=true)}
	at org.springframework.beans.factory.support.DefaultListableBeanFactory.raiseNoSuchBeanDefinitionException(DefaultListableBeanFactory.java:986)
	at org.springframework.beans.factory.support.DefaultListableBeanFactory.doResolveDependency(DefaultListableBeanFactory.java:856)
	at org.springframework.beans.factory.support.DefaultListableBeanFactory.resolveDependency(DefaultListableBeanFactory.java:768)
	at org.springframework.beans.factory.annotation.AutowiredAnnotationBeanPostProcessor$AutowiredFieldElement.inject(AutowiredAnnotationBeanPostProcessor.java:486)
	... 47 more
</error>
    <system-out>@HL
@HL-------------------------------------------------------
@HL T E S T S
@HL-------------------------------------------------------
@SLRunning com.bbva.zic.accountsv02.business.SrvIntAccountsV02Test
</system-out>
    <system-err>log4j:WARN No appenders could be found for logger (org.springframework.test.context.junit4.SpringJUnit4ClassRunner).
log4j:WARN Please initialize the log4j system properly.
log4j:WARN See http://logging.apache.org/log4j/1.2/faq.html#noconfig for more info.
</system-err>
  </testcase>
  <testcase time="0.005" classname="com.bbva.zic.accountsv02.business.SrvIntAccountsV02Test" name="com.bbva.zic.accountsv02.business.SrvIntAccountsV02Test">
    <error message="Failed to load ApplicationContext" type="java.lang.IllegalStateException">java.lang.IllegalStateException: Failed to load ApplicationContext
	at org.springframework.test.context.CacheAwareContextLoaderDelegate.loadContext(CacheAwareContextLoaderDelegate.java:99)
	at org.springframework.test.context.TestContext.getApplicationContext(TestContext.java:122)
	at com.bbva.jee.arq.spring.core.servicing.test.MockInvocationContextTestExecutionListener.afterTestClass(MockInvocationContextTestExecutionListener.java:44)
	at org.springframework.test.context.TestContextManager.afterTestClass(TestContextManager.java:436)
	at org.springframework.test.context.junit4.statements.RunAfterTestClassCallbacks.evaluate(RunAfterTestClassCallbacks.java:78)
	at org.junit.runners.ParentRunner.run(ParentRunner.java:236)
	at org.springframework.test.context.junit4.SpringJUnit4ClassRunner.run(SpringJUnit4ClassRunner.java:174)
	at org.apache.maven.surefire.junit4.JUnit4TestSet.execute(JUnit4TestSet.java:35)
	at org.apache.maven.surefire.junit4.JUnit4Provider.executeTestSet(JUnit4Provider.java:115)
	at org.apache.maven.surefire.junit4.JUnit4Provider.invoke(JUnit4Provider.java:97)
	at sun.reflect.NativeMethodAccessorImpl.invoke0(Native Method)
	at sun.reflect.NativeMethodAccessorImpl.invoke(NativeMethodAccessorImpl.java:39)
	at sun.reflect.DelegatingMethodAccessorImpl.invoke(DelegatingMethodAccessorImpl.java:25)
	at java.lang.reflect.Method.invoke(Method.java:597)
	at org.apache.maven.surefire.booter.ProviderFactory$ClassLoaderProxy.invoke(ProviderFactory.java:103)
	at $Proxy0.invoke(Unknown Source)
	at org.apache.maven.surefire.booter.SurefireStarter.invokeProvider(SurefireStarter.java:150)
	at org.apache.maven.surefire.booter.SurefireStarter.runSuitesInProcess(SurefireStarter.java:91)
	at org.apache.maven.surefire.booter.ForkedBooter.main(ForkedBooter.java:69)
Caused by: org.springframework.beans.factory.BeanCreationException: Error creating bean with name &apos;srvIntAccountsV02&apos;: Injection of autowired dependencies failed; nested exception is org.springframework.beans.factory.BeanCreationException: Could not autowire field: private com.bbva.zic.accountsv02.dao.mapper.MapperB000 com.bbva.zic.accountsv02.business.impl.SrvIntAccountsV02.mapperB000; nested exception is org.springframework.beans.factory.BeanCreationException: Error creating bean with name &apos;mapperB000&apos;: Injection of autowired dependencies failed; nested exception is org.springframework.beans.factory.BeanCreationException: Could not autowire field: private com.bbva.zic.accountsv02.facade.v02.utils.Validator com.bbva.zic.accountsv02.dao.mapper.MapperB000.validator; nested exception is org.springframework.beans.factory.NoSuchBeanDefinitionException: No qualifying bean of type [com.bbva.zic.accountsv02.facade.v02.utils.Validator] found for dependency: expected at least 1 bean which qualifies as autowire candidate for this dependency. Dependency annotations: {@org.springframework.beans.factory.annotation.Autowired(required=true)}
	at org.springframework.beans.factory.annotation.AutowiredAnnotationBeanPostProcessor.postProcessPropertyValues(AutowiredAnnotationBeanPostProcessor.java:288)
	at org.springframework.beans.factory.support.AbstractAutowireCapableBeanFactory.populateBean(AbstractAutowireCapableBeanFactory.java:1116)
	at org.springframework.beans.factory.support.AbstractAutowireCapableBeanFactory.doCreateBean(AbstractAutowireCapableBeanFactory.java:519)
	at org.springframework.beans.factory.support.AbstractAutowireCapableBeanFactory.createBean(AbstractAutowireCapableBeanFactory.java:458)
	at org.springframework.beans.factory.support.AbstractBeanFactory$1.getObject(AbstractBeanFactory.java:295)
	at org.springframework.beans.factory.support.DefaultSingletonBeanRegistry.getSingleton(DefaultSingletonBeanRegistry.java:223)
	at org.springframework.beans.factory.support.AbstractBeanFactory.doGetBean(AbstractBeanFactory.java:292)
	at org.springframework.beans.factory.support.AbstractBeanFactory.getBean(AbstractBeanFactory.java:194)
	at org.springframework.beans.factory.support.DefaultListableBeanFactory.preInstantiateSingletons(DefaultListableBeanFactory.java:626)
	at org.springframework.context.support.AbstractApplicationContext.finishBeanFactoryInitialization(AbstractApplicationContext.java:932)
	at org.springframework.context.support.AbstractApplicationContext.refresh(AbstractApplicationContext.java:479)
	at com.bbva.jee.arq.spring.core.servicing.test.BusinessServiceTestContextLoader.loadContext(BusinessServiceTestContextLoader.java:278)
	at org.springframework.test.context.CacheAwareContextLoaderDelegate.loadContextInternal(CacheAwareContextLoaderDelegate.java:64)
	at org.springframework.test.context.CacheAwareContextLoaderDelegate.loadContext(CacheAwareContextLoaderDelegate.java:91)
	... 18 more
Caused by: org.springframework.beans.factory.BeanCreationException: Could not autowire field: private com.bbva.zic.accountsv02.dao.mapper.MapperB000 com.bbva.zic.accountsv02.business.impl.SrvIntAccountsV02.mapperB000; nested exception is org.springframework.beans.factory.BeanCreationException: Error creating bean with name &apos;mapperB000&apos;: Injection of autowired dependencies failed; nested exception is org.springframework.beans.factory.BeanCreationException: Could not autowire field: private com.bbva.zic.accountsv02.facade.v02.utils.Validator com.bbva.zic.accountsv02.dao.mapper.MapperB000.validator; nested exception is org.springframework.beans.factory.NoSuchBeanDefinitionException: No qualifying bean of type [com.bbva.zic.accountsv02.facade.v02.utils.Validator] found for dependency: expected at least 1 bean which qualifies as autowire candidate for this dependency. Dependency annotations: {@org.springframework.beans.factory.annotation.Autowired(required=true)}
	at org.springframework.beans.factory.annotation.AutowiredAnnotationBeanPostProcessor$AutowiredFieldElement.inject(AutowiredAnnotationBeanPostProcessor.java:514)
	at org.springframework.beans.factory.annotation.InjectionMetadata.inject(InjectionMetadata.java:87)
	at org.springframework.beans.factory.annotation.AutowiredAnnotationBeanPostProcessor.postProcessPropertyValues(AutowiredAnnotationBeanPostProcessor.java:285)
	... 31 more
Caused by: org.springframework.beans.factory.BeanCreationException: Error creating bean with name &apos;mapperB000&apos;: Injection of autowired dependencies failed; nested exception is org.springframework.beans.factory.BeanCreationException: Could not autowire field: private com.bbva.zic.accountsv02.facade.v02.utils.Validator com.bbva.zic.accountsv02.dao.mapper.MapperB000.validator; nested exception is org.springframework.beans.factory.NoSuchBeanDefinitionException: No qualifying bean of type [com.bbva.zic.accountsv02.facade.v02.utils.Validator] found for dependency: expected at least 1 bean which qualifies as autowire candidate for this dependency. Dependency annotations: {@org.springframework.beans.factory.annotation.Autowired(required=true)}
	at org.springframework.beans.factory.annotation.AutowiredAnnotationBeanPostProcessor.postProcessPropertyValues(AutowiredAnnotationBeanPostProcessor.java:288)
	at org.springframework.beans.factory.support.AbstractAutowireCapableBeanFactory.populateBean(AbstractAutowireCapableBeanFactory.java:1116)
	at org.springframework.beans.factory.support.AbstractAutowireCapableBeanFactory.doCreateBean(AbstractAutowireCapableBeanFactory.java:519)
	at org.springframework.beans.factory.support.AbstractAutowireCapableBeanFactory.createBean(AbstractAutowireCapableBeanFactory.java:458)
	at org.springframework.beans.factory.support.AbstractBeanFactory$1.getObject(AbstractBeanFactory.java:295)
	at org.springframework.beans.factory.support.DefaultSingletonBeanRegistry.getSingleton(DefaultSingletonBeanRegistry.java:223)
	at org.springframework.beans.factory.support.AbstractBeanFactory.doGetBean(AbstractBeanFactory.java:292)
	at org.springframework.beans.factory.support.AbstractBeanFactory.getBean(AbstractBeanFactory.java:194)
	at org.springframework.beans.factory.support.DefaultListableBeanFactory.findAutowireCandidates(DefaultListableBeanFactory.java:910)
	at org.springframework.beans.factory.support.DefaultListableBeanFactory.doResolveDependency(DefaultListableBeanFactory.java:853)
	at org.springframework.beans.factory.support.DefaultListableBeanFactory.resolveDependency(DefaultListableBeanFactory.java:768)
	at org.springframework.beans.factory.annotation.AutowiredAnnotationBeanPostProcessor$AutowiredFieldElement.inject(AutowiredAnnotationBeanPostProcessor.java:486)
	... 33 more
Caused by: org.springframework.beans.factory.BeanCreationException: Could not autowire field: private com.bbva.zic.accountsv02.facade.v02.utils.Validator com.bbva.zic.accountsv02.dao.mapper.MapperB000.validator; nested exception is org.springframework.beans.factory.NoSuchBeanDefinitionException: No qualifying bean of type [com.bbva.zic.accountsv02.facade.v02.utils.Validator] found for dependency: expected at least 1 bean which qualifies as autowire candidate for this dependency. Dependency annotations: {@org.springframework.beans.factory.annotation.Autowired(required=true)}
	at org.springframework.beans.factory.annotation.AutowiredAnnotationBeanPostProcessor$AutowiredFieldElement.inject(AutowiredAnnotationBeanPostProcessor.java:514)
	at org.springframework.beans.factory.annotation.InjectionMetadata.inject(InjectionMetadata.java:87)
	at org.springframework.beans.factory.annotation.AutowiredAnnotationBeanPostProcessor.postProcessPropertyValues(AutowiredAnnotationBeanPostProcessor.java:285)
	... 44 more
Caused by: org.springframework.beans.factory.NoSuchBeanDefinitionException: No qualifying bean of type [com.bbva.zic.accountsv02.facade.v02.utils.Validator] found for dependency: expected at least 1 bean which qualifies as autowire candidate for this dependency. Dependency annotations: {@org.springframework.beans.factory.annotation.Autowired(required=true)}
	at org.springframework.beans.factory.support.DefaultListableBeanFactory.raiseNoSuchBeanDefinitionException(DefaultListableBeanFactory.java:986)
	at org.springframework.beans.factory.support.DefaultListableBeanFactory.doResolveDependency(DefaultListableBeanFactory.java:856)
	at org.springframework.beans.factory.support.DefaultListableBeanFactory.resolveDependency(DefaultListableBeanFactory.java:768)
	at org.springframework.beans.factory.annotation.AutowiredAnnotationBeanPostProcessor$AutowiredFieldElement.inject(AutowiredAnnotationBeanPostProcessor.java:486)
	... 46 more
</error>
  </testcase>
</testsuite>